<?xml version="1.0" encoding="UTF-8"?>
<!-- Generated by org.testng.reporters.JUnitReportReporter -->
<testsuite skipped="0" hostname="Admins-MacBook-Pro.local" name="SeleniumTest" tests="1" failures="0" timestamp="25 Mar 2019 05:00:32 GMT" time="1.417" errors="0">
  <testcase name="browserTest" time="1.417" classname="SeleniumTest"/>
</testsuite> <!-- SeleniumTest -->
